0 info it worked if it ends with ok
1 verbose cli [ 'node', '/usr/bin/npm', 'version', '1.0.34' ]
2 info using npm@2.7.4
3 info using node@v1.0.2
4 verbose node symlink /usr/bin/node
5 info git [ 'status', '--porcelain' ]
6 verbose stack Error: Git working directory not clean.
6 verbose stack M index.js
6 verbose stack     at /usr/lib/node_modules/npm/lib/version.js:138:37
6 verbose stack     at /usr/lib/node_modules/npm/lib/utils/git.js:26:8
6 verbose stack     at ChildProcess.exithandler (child_process.js:706:7)
6 verbose stack     at ChildProcess.emit (events.js:98:17)
6 verbose stack     at maybeClose (child_process.js:979:16)
6 verbose stack     at Process.ChildProcess._handle.onexit (child_process.js:1051:5)
7 verbose cwd /home/adminuser/Dev/hds-schemafier
8 error Linux 3.11.0-12-generic
9 error argv "node" "/usr/bin/npm" "version" "1.0.34"
10 error node v1.0.2
11 error npm  v2.7.4
12 error Git working directory not clean.
12 error M index.js
13 error If you need help, you may report this error at:
13 error     <https://github.com/npm/npm/issues>
14 verbose exit [ 1, true ]
